#
# There is insufficient memory for the Java Runtime Environment to continue.
# Native memory allocation (malloc) failed to allocate 32744 bytes for ChunkPool::allocate
# Possible reasons:
#   The system is out of physical RAM or swap space
#   The process is running with CompressedOops enabled, and the Java Heap may be blocking the growth of the native heap
# Possible solutions:
#   Reduce memory load on the system
#   Increase physical memory or swap space
#   Check if swap backing store is full
#   Decrease Java heap size (-Xmx/-Xms)
#   Decrease number of Java threads
#   Decrease Java thread stack sizes (-Xss)
#   Set larger code cache with -XX:ReservedCodeCacheSize=
#   JVM is running with Unscaled Compressed Oops mode in which the Java heap is
#     placed in the first 4GB address space. The Java Heap base address is the
#     maximum limit for the native heap growth. Please use -XX:HeapBaseMinAddress
#     to set the Java Heap base and to place the Java Heap above 4GB virtual address.
# This output file may be truncated or incomplete.
#
#  Out of Memory Error (allocation.cpp:272), pid=9880, tid=0x000000000000403c
#
# JRE version: Java(TM) SE Runtime Environment (8.0_251-b08) (build 1.8.0_251-b08)
# Java VM: Java HotSpot(TM) 64-Bit Server VM (25.251-b08 mixed mode windows-amd64 compressed oops)
# Failed to write core dump. Minidumps are not enabled by default on client versions of Windows
#

---------------  T H R E A D  ---------------

Current thread (0x00000000194cb800):  JavaThread "C1 CompilerThread2" daemon [_thread_in_native, id=16444, stack(0x0000000019860000,0x0000000019960000)]

Stack: [0x0000000019860000,0x0000000019960000]
[error occurred during error reporting (printing stack bounds), id 0xc0000005]

Native frames: (J=compiled Java code, j=interpreted, Vv=VM code, C=native code)


Current CompileTask:
C1:  12394 4237       1       java.beans.Introspector::getTargetEventInfo (1082 bytes)


---------------  P R O C E S S  ---------------

Java Threads: ( => current thread )
  0x000000001e70b000 JavaThread "RMI TCP Connection(idle)" daemon [_thread_blocked, id=1840, stack(0x000000001ade0000,0x000000001aee0000)]
  0x000000001e70f800 JavaThread "DestroyJavaVM" [_thread_blocked, id=5852, stack(0x0000000002c10000,0x0000000002d10000)]
  0x000000001e702800 JavaThread "task-2" [_thread_blocked, id=10772, stack(0x0000000020b80000,0x0000000020c80000)]
  0x000000001e709800 JavaThread "http-nio-8080-Acceptor" daemon [_thread_in_native, id=10360, stack(0x0000000020880000,0x0000000020980000)]
  0x000000001e708800 JavaThread "http-nio-8080-ClientPoller" daemon [_thread_in_native, id=1728, stack(0x0000000020780000,0x0000000020880000)]
  0x000000001e706800 JavaThread "http-nio-8080-exec-10" daemon [_thread_blocked, id=17060, stack(0x0000000020580000,0x0000000020680000)]
  0x000000001e705000 JavaThread "http-nio-8080-exec-9" daemon [_thread_blocked, id=13436, stack(0x0000000020480000,0x0000000020580000)]
  0x000000001e705800 JavaThread "http-nio-8080-exec-8" daemon [_thread_blocked, id=11096, stack(0x0000000020380000,0x0000000020480000)]
  0x000000001e708000 JavaThread "http-nio-8080-exec-7" daemon [_thread_blocked, id=1136, stack(0x0000000020280000,0x0000000020380000)]
  0x000000001e704000 JavaThread "http-nio-8080-exec-6" daemon [_thread_blocked, id=14008, stack(0x0000000020180000,0x0000000020280000)]
  0x000000001e707000 JavaThread "http-nio-8080-exec-5" daemon [_thread_blocked, id=15456, stack(0x0000000020080000,0x0000000020180000)]
  0x000000001e703800 JavaThread "http-nio-8080-exec-4" daemon [_thread_blocked, id=5796, stack(0x000000001ff80000,0x0000000020080000)]
  0x000000001e702000 JavaThread "http-nio-8080-exec-3" daemon [_thread_blocked, id=8712, stack(0x000000001fe80000,0x000000001ff80000)]
  0x000000001c1f3800 JavaThread "http-nio-8080-exec-2" daemon [_thread_blocked, id=7316, stack(0x000000001fd80000,0x000000001fe80000)]
  0x000000001c1f2000 JavaThread "http-nio-8080-exec-1" daemon [_thread_blocked, id=9040, stack(0x000000001fc80000,0x000000001fd80000)]
  0x000000001c1f6800 JavaThread "http-nio-8080-BlockPoller" daemon [_thread_in_native, id=15388, stack(0x000000001f880000,0x000000001f980000)]
  0x000000001c1f6000 JavaThread "Live Reload Server" daemon [_thread_in_native, id=12320, stack(0x000000001f980000,0x000000001fa80000)]
  0x000000001c1f8000 JavaThread "File Watcher" daemon [_thread_blocked, id=3980, stack(0x000000001f780000,0x000000001f880000)]
  0x000000001c1f7800 JavaThread "HikariPool-1 housekeeper" daemon [_thread_blocked, id=13376, stack(0x000000001e1b0000,0x000000001e2b0000)]
  0x000000001c1f5000 JavaThread "task-1" [_thread_blocked, id=14744, stack(0x000000001d6b0000,0x000000001d7b0000)]
  0x000000001c1f4800 JavaThread "mysql-cj-abandoned-connection-cleanup" daemon [_thread_blocked, id=10748, stack(0x000000001d5b0000,0x000000001d6b0000)]
  0x000000001c19a000 JavaThread "container-0" [_thread_blocked, id=2940, stack(0x000000001d4b0000,0x000000001d5b0000)]
  0x000000001c18d800 JavaThread "Catalina-utility-2" [_thread_blocked, id=15636, stack(0x000000001d3b0000,0x000000001d4b0000)]
  0x000000001c16a800 JavaThread "Catalina-utility-1" [_thread_blocked, id=1148, stack(0x000000001c8b0000,0x000000001c9b0000)]
  0x000000001b86b000 JavaThread "RMI TCP Connection(5)-169.254.144.71" daemon [_thread_in_native, id=8436, stack(0x000000001afe0000,0x000000001b0e0000)]
  0x0000000019e25800 JavaThread "RMI Scheduler(0)" daemon [_thread_blocked, id=16432, stack(0x000000001ace0000,0x000000001ade0000)]
  0x0000000019e17800 JavaThread "RMI TCP Connection(2)-169.254.144.71" daemon [_thread_in_native, id=14436, stack(0x000000001abe0000,0x000000001ace0000)]
  0x0000000019bd3800 JavaThread "RMI TCP Accept-0" daemon [_thread_in_native, id=2300, stack(0x000000001a260000,0x000000001a360000)]
  0x000000001955e000 JavaThread "Service Thread" daemon [_thread_blocked, id=4824, stack(0x000000001a160000,0x000000001a260000)]
=>0x00000000194cb800 JavaThread "C1 CompilerThread2" daemon [_thread_in_native, id=16444, stack(0x0000000019860000,0x0000000019960000)]
  0x00000000194ca000 JavaThread "C2 CompilerThread1" daemon [_thread_blocked, id=12168, stack(0x0000000019760000,0x0000000019860000)]
  0x00000000194c7000 JavaThread "C2 CompilerThread0" daemon [_thread_blocked, id=7260, stack(0x0000000019660000,0x0000000019760000)]
  0x00000000194eb800 JavaThread "Monitor Ctrl-Break" daemon [_thread_in_native, id=16772, stack(0x0000000019560000,0x0000000019660000)]
  0x0000000017b01000 JavaThread "Attach Listener" daemon [_thread_blocked, id=6048, stack(0x0000000019060000,0x0000000019160000)]
  0x0000000017aff800 JavaThread "Signal Dispatcher" daemon [_thread_blocked, id=11744, stack(0x0000000018f60000,0x0000000019060000)]
  0x0000000002e0a800 JavaThread "Finalizer" daemon [_thread_blocked, id=5632, stack(0x0000000018d40000,0x0000000018e40000)]
  0x0000000017ada000 JavaThread "Reference Handler" daemon [_thread_blocked, id=15684, stack(0x0000000018c40000,0x0000000018d40000)]

Other Threads:
  0x0000000017ab7000 VMThread [stack: 0x0000000018b40000,0x0000000018c40000] [id=14932]
  0x0000000019be0000 WatcherThread [stack: 0x000000001a770000,0x000000001a870000] [id=15004]

VM state:at safepoint (normal execution)

VM Mutex/Monitor currently owned by a thread:  ([mutex/lock_event])
[0x0000000002d14580] Threads_lock - owner thread: 0x0000000017ab7000
[0x0000000002d13d80] Heap_lock - owner thread: 0x000000001c1f2000

heap address: 0x0000000080c00000, size: 2036 MB, Compressed Oops mode: 32-bit
Narrow klass base: 0x0000000000000000, Narrow klass shift: 3
Compressed class space size: 1073741824 Address: 0x0000000100000000

Heap:
 PSYoungGen      total 373760K, used 4730K [0x00000000d5980000, 0x00000000ee880000, 0x0000000100000000)
  eden space 354304K, 0% used [0x00000000d5980000,0x00000000d5980000,0x00000000eb380000)
  from space 19456K, 24% used [0x00000000ec280000,0x00000000ec71e8c8,0x00000000ed580000)
  to   space 13312K, 0% used [0x00000000edb80000,0x00000000edb80000,0x00000000ee880000)
 ParOldGen       total 69120K, used 39788K [0x0000000080c00000, 0x0000000084f80000, 0x00000000d5980000)
  object space 69120K, 57% used [0x0000000080c00000,0x00000000832db0a0,0x0000000084f80000)
 Metaspace       used 55729K, capacity 58740K, committed 58752K, reserved 1105920K
  class space    used 7523K, capacity 8052K, committed 8064K, reserved 1048576K

Card table byte_map: [0x0000000012300000,0x0000000012700000] byte_map_base: 0x0000000011efa000

Marking Bits: (ParMarkBitMap*) 0x000000006a8faf90
 Begin Bits: [0x0000000012db0000, 0x0000000014d80000)
 End Bits:   [0x0000000014d80000, 0x0000000016d50000)

Polling page: 0x0000000000fa0000

CodeCache: size=245760Kb used=8901Kb max_used=8901Kb free=236858Kb
 bounds [0x0000000002f40000, 0x0000000003800000, 0x0000000011f40000]
 total_blobs=4972 nmethods=4160 adapters=723
 compilation: enabled

Compilation events (10 events):
Event: 12.224 Thread 0x00000000194cb800 nmethod 4233 0x00000000037ef890 code [0x00000000037ef9e0, 0x00000000037efb48]
Event: 12.224 Thread 0x00000000194cb800 4232       1       groovy.lang.MetaClassImpl::findMethod (130 bytes)
Event: 12.225 Thread 0x00000000194cb800 nmethod 4232 0x00000000037efc10 code [0x00000000037efe00, 0x00000000037f0298]
Event: 12.225 Thread 0x00000000194cb800 4234       1       java.util.LinkedList::unlink (91 bytes)
Event: 12.225 Thread 0x00000000194cb800 nmethod 4234 0x00000000037f0790 code [0x00000000037f08e0, 0x00000000037f0af0]
Event: 12.230 Thread 0x00000000194cb800 4235       1       java.beans.FeatureDescriptor::getReturnType (21 bytes)
Event: 12.231 Thread 0x00000000194cb800 nmethod 4235 0x00000000037f0bd0 code [0x00000000037f0da0, 0x00000000037f12b8]
Event: 12.235 Thread 0x00000000194cb800 4236       1       java.beans.Introspector::getTargetMethodInfo (252 bytes)
Event: 12.236 Thread 0x00000000194cb800 nmethod 4236 0x00000000037f1850 code [0x00000000037f1aa0, 0x00000000037f2128]
Event: 12.236 Thread 0x00000000194cb800 4237       1       java.beans.Introspector::getTargetEventInfo (1082 bytes)

GC Heap History (10 events):
Event: 3.173 GC heap before
{Heap before GC invocations=8 (full 1):
 PSYoungGen      total 142336K, used 133120K [0x00000000d5980000, 0x00000000dee80000, 0x0000000100000000)
  eden space 133120K, 100% used [0x00000000d5980000,0x00000000ddb80000,0x00000000ddb80000)
  from space 9216K, 0% used [0x00000000de580000,0x00000000de580000,0x00000000dee80000)
  to   space 9728K, 0% used [0x00000000ddb80000,0x00000000ddb80000,0x00000000de500000)
 ParOldGen       total 48128K, used 8225K [0x0000000080c00000, 0x0000000083b00000, 0x00000000d5980000)
  object space 48128K, 17% used [0x0000000080c00000,0x0000000081408698,0x0000000083b00000)
 Metaspace       used 21412K, capacity 22298K, committed 22528K, reserved 1069056K
  class space    used 2739K, capacity 2957K, committed 3072K, reserved 1048576K
Event: 3.176 GC heap after
Heap after GC invocations=8 (full 1):
 PSYoungGen      total 142848K, used 2803K [0x00000000d5980000, 0x00000000e6600000, 0x0000000100000000)
  eden space 133120K, 0% used [0x00000000d5980000,0x00000000d5980000,0x00000000ddb80000)
  from space 9728K, 28% used [0x00000000ddb80000,0x00000000dde3ce80,0x00000000de500000)
  to   space 10240K, 0% used [0x00000000e5c00000,0x00000000e5c00000,0x00000000e6600000)
 ParOldGen       total 48128K, used 8233K [0x0000000080c00000, 0x0000000083b00000, 0x00000000d5980000)
  object space 48128K, 17% used [0x0000000080c00000,0x000000008140a698,0x0000000083b00000)
 Metaspace       used 21412K, capacity 22298K, committed 22528K, reserved 1069056K
  class space    used 2739K, capacity 2957K, committed 3072K, reserved 1048576K
}
Event: 4.599 GC heap before
{Heap before GC invocations=9 (full 1):
 PSYoungGen      total 142848K, used 135923K [0x00000000d5980000, 0x00000000e6600000, 0x0000000100000000)
  eden space 133120K, 100% used [0x00000000d5980000,0x00000000ddb80000,0x00000000ddb80000)
  from space 9728K, 28% used [0x00000000ddb80000,0x00000000dde3ce80,0x00000000de500000)
  to   space 10240K, 0% used [0x00000000e5c00000,0x00000000e5c00000,0x00000000e6600000)
 ParOldGen       total 48128K, used 8233K [0x0000000080c00000, 0x0000000083b00000, 0x00000000d5980000)
  object space 48128K, 17% used [0x0000000080c00000,0x000000008140a698,0x0000000083b00000)
 Metaspace       used 25030K, capacity 26318K, committed 26624K, reserved 1073152K
  class space    used 3284K, capacity 3521K, committed 3584K, reserved 1048576K
Event: 4.606 GC heap after
Heap after GC invocations=9 (full 1):
 PSYoungGen      total 259072K, used 7242K [0x00000000d5980000, 0x00000000e6380000, 0x0000000100000000)
  eden space 251392K, 0% used [0x00000000d5980000,0x00000000d5980000,0x00000000e4f00000)
  from space 7680K, 94% used [0x00000000e5c00000,0x00000000e6312a18,0x00000000e6380000)
  to   space 10240K, 0% used [0x00000000e4f80000,0x00000000e4f80000,0x00000000e5980000)
 ParOldGen       total 48128K, used 8233K [0x0000000080c00000, 0x0000000083b00000, 0x00000000d5980000)
  object space 48128K, 17% used [0x0000000080c00000,0x000000008140a698,0x0000000083b00000)
 Metaspace       used 25030K, capacity 26318K, committed 26624K, reserved 1073152K
  class space    used 3284K, capacity 3521K, committed 3584K, reserved 1048576K
}
Event: 5.659 GC heap before
{Heap before GC invocations=10 (full 1):
 PSYoungGen      total 259072K, used 192187K [0x00000000d5980000, 0x00000000e6380000, 0x0000000100000000)
  eden space 251392K, 73% used [0x00000000d5980000,0x00000000e0e1c348,0x00000000e4f00000)
  from space 7680K, 94% used [0x00000000e5c00000,0x00000000e6312a18,0x00000000e6380000)
  to   space 10240K, 0% used [0x00000000e4f80000,0x00000000e4f80000,0x00000000e5980000)
 ParOldGen       total 48128K, used 8233K [0x0000000080c00000, 0x0000000083b00000, 0x00000000d5980000)
  object space 48128K, 17% used [0x0000000080c00000,0x000000008140a698,0x0000000083b00000)
 Metaspace       used 33385K, capacity 35330K, committed 35416K, reserved 1079296K
  class space    used 4418K, capacity 4803K, committed 4864K, reserved 1048576K
Event: 5.690 GC heap after
Heap after GC invocations=10 (full 1):
 PSYoungGen      total 262144K, used 10222K [0x00000000d5980000, 0x00000000ee880000, 0x0000000100000000)
  eden space 251904K, 0% used [0x00000000d5980000,0x00000000d5980000,0x00000000e4f80000)
  from space 10240K, 99% used [0x00000000e4f80000,0x00000000e597bad0,0x00000000e5980000)
  to   space 13312K, 0% used [0x00000000edb80000,0x00000000edb80000,0x00000000ee880000)
 ParOldGen       total 48128K, used 11658K [0x0000000080c00000, 0x0000000083b00000, 0x00000000d5980000)
  object space 48128K, 24% used [0x0000000080c00000,0x0000000081762bc8,0x0000000083b00000)
 Metaspace       used 33385K, capacity 35330K, committed 35416K, reserved 1079296K
  class space    used 4418K, capacity 4803K, committed 4864K, reserved 1048576K
}
Event: 5.690 GC heap before
{Heap before GC invocations=11 (full 2):
 PSYoungGen      total 262144K, used 10222K [0x00000000d5980000, 0x00000000ee880000, 0x0000000100000000)
  eden space 251904K, 0% used [0x00000000d5980000,0x00000000d5980000,0x00000000e4f80000)
  from space 10240K, 99% used [0x00000000e4f80000,0x00000000e597bad0,0x00000000e5980000)
  to   space 13312K, 0% used [0x00000000edb80000,0x00000000edb80000,0x00000000ee880000)
 ParOldGen       total 48128K, used 11658K [0x0000000080c00000, 0x0000000083b00000, 0x00000000d5980000)
  object space 48128K, 24% used [0x0000000080c00000,0x0000000081762bc8,0x0000000083b00000)
 Metaspace       used 33385K, capacity 35330K, committed 35416K, reserved 1079296K
  class space    used 4418K, capacity 4803K, committed 4864K, reserved 1048576K
Event: 5.840 GC heap after
Heap after GC invocations=11 (full 2):
 PSYoungGen      total 262144K, used 0K [0x00000000d5980000, 0x00000000ee880000, 0x0000000100000000)
  eden space 251904K, 0% used [0x00000000d5980000,0x00000000d5980000,0x00000000e4f80000)
  from space 10240K, 0% used [0x00000000e4f80000,0x00000000e4f80000,0x00000000e5980000)
  to   space 13312K, 0% used [0x00000000edb80000,0x00000000edb80000,0x00000000ee880000)
 ParOldGen       total 69120K, used 18892K [0x0000000080c00000, 0x0000000084f80000, 0x00000000d5980000)
  object space 69120K, 27% used [0x0000000080c00000,0x0000000081e73398,0x0000000084f80000)
 Metaspace       used 33385K, capacity 35330K, committed 35416K, reserved 1079296K
  class space    used 4418K, capacity 4803K, committed 4864K, reserved 1048576K
}
Event: 11.778 GC heap before
{Heap before GC invocations=12 (full 2):
 PSYoungGen      total 262144K, used 251904K [0x00000000d5980000, 0x00000000ee880000, 0x0000000100000000)
  eden space 251904K, 100% used [0x00000000d5980000,0x00000000e4f80000,0x00000000e4f80000)
  from space 10240K, 0% used [0x00000000e4f80000,0x00000000e4f80000,0x00000000e5980000)
  to   space 13312K, 0% used [0x00000000edb80000,0x00000000edb80000,0x00000000ee880000)
 ParOldGen       total 69120K, used 18892K [0x0000000080c00000, 0x0000000084f80000, 0x00000000d5980000)
  object space 69120K, 27% used [0x0000000080c00000,0x0000000081e73398,0x0000000084f80000)
 Metaspace       used 54122K, capacity 57132K, committed 57344K, reserved 1099776K
  class space    used 7286K, capacity 7812K, committed 7936K, reserved 1048576K
Event: 11.803 GC heap after
Heap after GC invocations=12 (full 2):
 PSYoungGen      total 367616K, used 13293K [0x00000000d5980000, 0x00000000ee880000, 0x0000000100000000)
  eden space 354304K, 0% used [0x00000000d5980000,0x00000000d5980000,0x00000000eb380000)
  from space 13312K, 99% used [0x00000000edb80000,0x00000000ee87b410,0x00000000ee880000)
  to   space 19456K, 0% used [0x00000000ec280000,0x00000000ec280000,0x00000000ed580000)
 ParOldGen       total 69120K, used 30458K [0x0000000080c00000, 0x0000000084f80000, 0x00000000d5980000)
  object space 69120K, 44% used [0x0000000080c00000,0x00000000829be900,0x0000000084f80000)
 Metaspace       used 54122K, capacity 57132K, committed 57344K, reserved 1099776K
  class space    used 7286K, capacity 7812K, committed 7936K, reserved 1048576K
}

Deoptimization events (0 events):
No events

Classes redefined (0 events):
No events

Internal exceptions (10 events):
Event: 12.244 Thread 0x000000001c1f2000 Exception <a 'java/lang/ArrayIndexOutOfBoundsException'> (0x00000000d78d9368) thrown at [C:\jenkins\workspace\8-2-build-windows-amd64-cygwin\jdk8u251\737\hotspot\src\share\vm\runtime\sharedRuntime.cpp, line 605]
Event: 12.244 Thread 0x000000001c1f2000 Exception <a 'java/lang/ArrayIndexOutOfBoundsException'> (0x00000000d78db8d8) thrown at [C:\jenkins\workspace\8-2-build-windows-amd64-cygwin\jdk8u251\737\hotspot\src\share\vm\runtime\sharedRuntime.cpp, line 605]
Event: 12.244 Thread 0x000000001c1f2000 Exception <a 'java/lang/ArrayIndexOutOfBoundsException'> (0x00000000d78dde10) thrown at [C:\jenkins\workspace\8-2-build-windows-amd64-cygwin\jdk8u251\737\hotspot\src\share\vm\runtime\sharedRuntime.cpp, line 605]
Event: 12.246 Thread 0x000000001c1f2000 Exception <a 'java/lang/ClassNotFoundException': org/thymeleaf/engine/TemplateManagerBeanInfo> (0x00000000d7927808) thrown at [C:\jenkins\workspace\8-2-build-windows-amd64-cygwin\jdk8u251\737\hotspot\src\share\vm\classfile\systemDictionary.cpp, line 210]
Event: 12.247 Thread 0x000000001c1f2000 Exception <a 'java/lang/ClassNotFoundException': org/thymeleaf/engine/TemplateManagerCustomizer> (0x00000000d793f2f0) thrown at [C:\jenkins\workspace\8-2-build-windows-amd64-cygwin\jdk8u251\737\hotspot\src\share\vm\classfile\systemDictionary.cpp, line 210
Event: 12.248 Thread 0x000000001c1f2000 Exception <a 'java/lang/ArrayIndexOutOfBoundsException'> (0x00000000d7945190) thrown at [C:\jenkins\workspace\8-2-build-windows-amd64-cygwin\jdk8u251\737\hotspot\src\share\vm\runtime\sharedRuntime.cpp, line 605]
Event: 12.256 Thread 0x000000001c1f2000 Exception <a 'java/lang/ClassNotFoundException': org/thymeleaf/engine/TemplateModelBeanInfo> (0x00000000d79bb200) thrown at [C:\jenkins\workspace\8-2-build-windows-amd64-cygwin\jdk8u251\737\hotspot\src\share\vm\classfile\systemDictionary.cpp, line 210]
Event: 12.257 Thread 0x000000001c1f2000 Exception <a 'java/lang/ClassNotFoundException': org/thymeleaf/engine/TemplateModelCustomizer> (0x00000000d79d1e78) thrown at [C:\jenkins\workspace\8-2-build-windows-amd64-cygwin\jdk8u251\737\hotspot\src\share\vm\classfile\systemDictionary.cpp, line 210]
Event: 12.268 Thread 0x000000001c1f2000 Exception <a 'java/lang/ClassNotFoundException': org/thymeleaf/engine/ModelBeanInfo> (0x00000000d7a2cd18) thrown at [C:\jenkins\workspace\8-2-build-windows-amd64-cygwin\jdk8u251\737\hotspot\src\share\vm\classfile\systemDictionary.cpp, line 210]
Event: 12.268 Thread 0x000000001c1f2000 Exception <a 'java/lang/ClassNotFoundException': org/thymeleaf/engine/ModelCustomizer> (0x00000000d7a41558) thrown at [C:\jenkins\workspace\8-2-build-windows-amd64-cygwin\jdk8u251\737\hotspot\src\share\vm\classfile\systemDictionary.cpp, line 210]

Events (10 events):
Event: 12.268 loading class org/thymeleaf/engine/ModelBeanInfo
Event: 12.268 loading class org/thymeleaf/engine/ModelBeanInfo done
Event: 12.268 loading class org/thymeleaf/engine/ModelCustomizer
Event: 12.268 loading class org/thymeleaf/engine/ModelCustomizer done
Event: 12.268 loading class org/thymeleaf/engine/ModelCustomizer
Event: 12.268 loading class org/thymeleaf/engine/ModelCustomizer done
Event: 12.268 loading class org/thymeleaf/engine/ModelCustomizer
Event: 12.268 loading class org/thymeleaf/engine/ModelCustomizer done
Event: 12.269 loading class org/codehaus/groovy/runtime/dgm$215
Event: 12.269 loading class org/codehaus/groovy/runtime/dgm$215 done


Dynamic libraries:
0x00007ff7f2f20000 - 0x00007ff7f2f57000 	C:\Program Files\Java\jdk1.8.0_251\bin\java.exe
0x00007ffcd3000000 - 0x00007ffcd31f0000 	C:\WINDOWS\SYSTEM32\ntdll.dll
0x00007ffcd2b30000 - 0x00007ffcd2be2000 	C:\WINDOWS\System32\KERNEL32.DLL
0x00007ffcd0b80000 - 0x00007ffcd0e24000 	C:\WINDOWS\System32\KERNELBASE.dll
0x00007ffcd1ee0000 - 0x00007ffcd1f83000 	C:\WINDOWS\System32\ADVAPI32.dll
0x00007ffcd2170000 - 0x00007ffcd220e000 	C:\WINDOWS\System32\msvcrt.dll
0x00007ffcd16e0000 - 0x00007ffcd1777000 	C:\WINDOWS\System32\sechost.dll
0x00007ffcd1dc0000 - 0x00007ffcd1ee0000 	C:\WINDOWS\System32\RPCRT4.dll
0x00007ffcd2990000 - 0x00007ffcd2b24000 	C:\WINDOWS\System32\USER32.dll
0x00007ffcd03d0000 - 0x00007ffcd03f1000 	C:\WINDOWS\System32\win32u.dll
0x00007ffcd2bf0000 - 0x00007ffcd2c16000 	C:\WINDOWS\System32\GDI32.dll
0x00007ffccff90000 - 0x00007ffcd0125000 	C:\WINDOWS\System32\gdi32full.dll
0x00007ffcd0f30000 - 0x00007ffcd0fce000 	C:\WINDOWS\System32\msvcp_win.dll
0x00007ffcd0e30000 - 0x00007ffcd0f2a000 	C:\WINDOWS\System32\ucrtbase.dll
0x00007ffcc6310000 - 0x00007ffcc6594000 	C:\WINDOWS\WinSxS\amd64_microsoft.windows.common-controls_6595b64144ccf1df_6.0.18362.900_none_e6beb9d913147d17\COMCTL32.dll
0x00007ffcd1a20000 - 0x00007ffcd1d55000 	C:\WINDOWS\System32\combase.dll
0x00007ffcd0350000 - 0x00007ffcd03d0000 	C:\WINDOWS\System32\bcryptPrimitives.dll
0x00007ffcd1f90000 - 0x00007ffcd1fbe000 	C:\WINDOWS\System32\IMM32.DLL
0x000000006b020000 - 0x000000006b0f2000 	C:\Program Files\Java\jdk1.8.0_251\jre\bin\msvcr100.dll
0x000000006a0d0000 - 0x000000006a97b000 	C:\Program Files\Java\jdk1.8.0_251\jre\bin\server\jvm.dll
0x00007ffcd1780000 - 0x00007ffcd1788000 	C:\WINDOWS\System32\PSAPI.DLL
0x00007ffccde90000 - 0x00007ffccdeb4000 	C:\WINDOWS\SYSTEM32\WINMM.dll
0x00007ffccba50000 - 0x00007ffccba5a000 	C:\WINDOWS\SYSTEM32\VERSION.dll
0x00007ffccde30000 - 0x00007ffccde5d000 	C:\WINDOWS\SYSTEM32\WINMMBASE.dll
0x00007ffcd1000000 - 0x00007ffcd104a000 	C:\WINDOWS\System32\cfgmgr32.dll
0x00007ffcb6230000 - 0x00007ffcb6239000 	C:\WINDOWS\SYSTEM32\WSOCK32.dll
0x00007ffcd2de0000 - 0x00007ffcd2e4f000 	C:\WINDOWS\System32\WS2_32.dll
0x00007ffcc1460000 - 0x00007ffcc146f000 	C:\Program Files\Java\jdk1.8.0_251\jre\bin\verify.dll
0x00007ffcb59f0000 - 0x00007ffcb5a19000 	C:\Program Files\Java\jdk1.8.0_251\jre\bin\java.dll
0x00007ffcb1fe0000 - 0x00007ffcb2003000 	C:\Program Files\Java\jdk1.8.0_251\jre\bin\instrument.dll
0x00007ffcb59d0000 - 0x00007ffcb59e6000 	C:\Program Files\Java\jdk1.8.0_251\jre\bin\zip.dll
0x00007ffcd22a0000 - 0x00007ffcd2986000 	C:\WINDOWS\System32\SHELL32.dll
0x00007ffcd2f10000 - 0x00007ffcd2fb9000 	C:\WINDOWS\System32\shcore.dll
0x00007ffcd0400000 - 0x00007ffcd0b80000 	C:\WINDOWS\System32\windows.storage.dll
0x00007ffccfef0000 - 0x00007ffccff13000 	C:\WINDOWS\System32\profapi.dll
0x00007ffccff20000 - 0x00007ffccff6a000 	C:\WINDOWS\System32\powrprof.dll
0x00007ffccfec0000 - 0x00007ffccfed0000 	C:\WINDOWS\System32\UMPDC.dll
0x00007ffcd1d60000 - 0x00007ffcd1db2000 	C:\WINDOWS\System32\shlwapi.dll
0x00007ffccff70000 - 0x00007ffccff81000 	C:\WINDOWS\System32\kernel.appcore.dll
0x00007ffcd0280000 - 0x00007ffcd0297000 	C:\WINDOWS\System32\cryptsp.dll
0x00007ffcb1fc0000 - 0x00007ffcb1fda000 	C:\Program Files\JetBrains\IntelliJ IDEA 2020.1.1\bin\breakgen64.dll
0x00007ffcb3b30000 - 0x00007ffcb3b4a000 	C:\Program Files\Java\jdk1.8.0_251\jre\bin\net.dll
0x00007ffccf6d0000 - 0x00007ffccf737000 	C:\WINDOWS\system32\mswsock.dll
0x00007ffccf430000 - 0x00007ffccf4fb000 	C:\WINDOWS\SYSTEM32\DNSAPI.dll
0x00007ffcd2f00000 - 0x00007ffcd2f08000 	C:\WINDOWS\System32\NSI.dll
0x00007ffccf3e0000 - 0x00007ffccf41a000 	C:\WINDOWS\SYSTEM32\IPHLPAPI.DLL
0x000000006b8a0000 - 0x000000006b8c6000 	C:\Program Files\Bonjour\mdnsNSP.dll
0x00007ffcc1ed0000 - 0x00007ffcc1eda000 	C:\Windows\System32\rasadhlp.dll
0x00007ffcc7790000 - 0x00007ffcc7807000 	C:\WINDOWS\System32\fwpuclnt.dll
0x00007ffcd0fd0000 - 0x00007ffcd0ff6000 	C:\WINDOWS\System32\bcrypt.dll
0x00007ffcc9ba0000 - 0x00007ffcc9bad000 	C:\Program Files\Java\jdk1.8.0_251\jre\bin\management.dll
0x00007ffcb1da0000 - 0x00007ffcb1db2000 	C:\Program Files\Java\jdk1.8.0_251\jre\bin\nio.dll
0x00007ffccf240000 - 0x00007ffccf273000 	C:\WINDOWS\system32\rsaenh.dll
0x00007ffccfde0000 - 0x00007ffccfe05000 	C:\WINDOWS\SYSTEM32\USERENV.dll
0x00007ffccf8a0000 - 0x00007ffccf8ac000 	C:\WINDOWS\SYSTEM32\CRYPTBASE.dll
0x00007ffcc8720000 - 0x00007ffcc8736000 	C:\WINDOWS\SYSTEM32\dhcpcsvc6.DLL
0x00007ffcc8700000 - 0x00007ffcc871c000 	C:\WINDOWS\SYSTEM32\dhcpcsvc.DLL
0x00007ffcbea80000 - 0x00007ffcbea96000 	C:\WINDOWS\system32\napinsp.dll
0x00007ffcbea60000 - 0x00007ffcbea7a000 	C:\WINDOWS\system32\pnrpnsp.dll
0x00007ffcc6210000 - 0x00007ffcc621e000 	C:\WINDOWS\System32\winrnr.dll
0x00007ffccc100000 - 0x00007ffccc11c000 	C:\WINDOWS\system32\NLAapi.dll
0x00007ffcb5fa0000 - 0x00007ffcb5fb5000 	C:\WINDOWS\system32\wshbth.dll

VM Arguments:
jvm_args: -XX:TieredStopAtLevel=1 -Xverify:none -Dspring.output.ansi.enabled=always -Dcom.sun.management.jmxremote -Dspring.jmx.enabled=true -Dspring.liveBeansView.mbeanDomain -Dspring.application.admin.enabled=true -javaagent:C:\Program Files\JetBrains\IntelliJ IDEA 2020.1.1\lib\idea_rt.jar=58949:C:\Program Files\JetBrains\IntelliJ IDEA 2020.1.1\bin -Dfile.encoding=UTF-8 
java_command: com.some.notes.NotesApplication
java_class_path (initial): C:\Program Files\Java\jdk1.8.0_251\jre\lib\charsets.jar;C:\Program Files\Java\jdk1.8.0_251\jre\lib\deploy.jar;C:\Program Files\Java\jdk1.8.0_251\jre\lib\ext\access-bridge-64.jar;C:\Program Files\Java\jdk1.8.0_251\jre\lib\ext\cldrdata.jar;C:\Program Files\Java\jdk1.8.0_251\jre\lib\ext\dnsns.jar;C:\Program Files\Java\jdk1.8.0_251\jre\lib\ext\jaccess.jar;C:\Program Files\Java\jdk1.8.0_251\jre\lib\ext\jfxrt.jar;C:\Program Files\Java\jdk1.8.0_251\jre\lib\ext\localedata.jar;C:\Program Files\Java\jdk1.8.0_251\jre\lib\ext\nashorn.jar;C:\Program Files\Java\jdk1.8.0_251\jre\lib\ext\sunec.jar;C:\Program Files\Java\jdk1.8.0_251\jre\lib\ext\sunjce_provider.jar;C:\Program Files\Java\jdk1.8.0_251\jre\lib\ext\sunmscapi.jar;C:\Program Files\Java\jdk1.8.0_251\jre\lib\ext\sunpkcs11.jar;C:\Program Files\Java\jdk1.8.0_251\jre\lib\ext\zipfs.jar;C:\Program Files\Java\jdk1.8.0_251\jre\lib\javaws.jar;C:\Program Files\Java\jdk1.8.0_251\jre\lib\jce.jar;C:\Program Files\Java\jdk1.8.0_251\jre\lib\jfr.jar;C:\Program Files\Java\jdk1.8.0_251\jre\lib\jfxswt.jar;C:\Program Files\Java\jdk1.8.0_251\jre\lib\jsse.jar;C:\Program Files\Java\jdk1.8.0_251\jre\lib\management-agent.jar;C:\Program Files\Java\jdk1.8.0_251\jre\lib\plugin.jar;C:\Program Files\Java\jdk1.8.0_251\jre\lib\resources.jar;C:\Program Files\Java\jdk1.8.0_251\jre\lib\rt.jar;E:\Cristian\Github\someNotes\target\classes;C:\Users\crist\.m2\repository\org\springframework\boot\spring-boot-starter-data-jpa\2.3.1.RELEASE\spring-boot-starter-data-jpa-2.3.1.RELEASE.jar;C:\Users\crist\.m2\repository\org\springframework\boot\spring-boot-starter-aop\2.3.1.RELEASE\spring-boot-starter-aop-2.3.1.RELEASE.jar;C:\Users\crist\.m2\repository\org\springframework\spring-aop\5.2.7.RELEASE\spring-aop-5.2.7.RELEASE.jar;C:\Users\crist\.m2\repository\org\aspectj\aspectjweaver\1.9.5\aspectjweaver-1.9.5.jar;C:\Users\crist\.m2\repository\org\springframework\boot\spring-boot-starter-jdbc\2.3.1.RELEASE\spring-boot-starter-jdbc-2.3.1.RELEASE.ja
Launcher Type: SUN_STANDARD

Environment Variables:
PATH=C:\Program Files (x86)\Common Files\Oracle\Java\javapath;C:\Python38\Scripts\;C:\Python38\;C:\Python27\;C:\Python27\Scripts;C:\Program Files\Python37\Scripts\;C:\Program Files\Python37\;C:\WINDOWS\system32;C:\WINDOWS;C:\WINDOWS\System32\Wbem;C:\WINDOWS\System32\WindowsPowerShell\v1.0\;C:\Program Files (x86)\GtkSharp\2.12\bin;C:\MinGW\bin;C:\WINDOWS\System32\OpenSSH\;C:\Program Files\Microsoft VS Code\bin;C:\Users\crist\AppData\Local\Programs\Python\Python37-32;C:\Users\crist\AppData\Local\Programs\Python\Python37-32\Scripts;C:\WINDOWS\system32;C:\WINDOWS;C:\WINDOWS\System32\Wbem;C:\WINDOWS\System32\WindowsPowerShell\v1.0\;C:\WINDOWS\System32\OpenSSH\;E:\xampp\php;C:\ProgramData\ComposerSetup\bin;C:\ProgramData\chocolatey\bin;C:\Program Files\Git\cmd;C:\apache-maven-3.6.3\bin;C:\spring-2.2.6.RELEASE\bin;C:\Program Files\nodejs\;C:\Program Files\PuTTY\;C:\Program Files (x86)\NVIDIA Corporation\PhysX\Common;C:\Program Files\NVIDIA Corporation\NVIDIA NvDLISR;C:\Users\crist\AppData\Local\Microsoft\WindowsApps;C:\Program Files\Microsoft VS Code\bin;C:\Users\crist\AppData\Local\GitHubDesktop\bin;C:\Users\crist\AppData\Roaming\Composer\vendor\bin;C:\Program Files\JetBrains\PhpStorm 2019.1.2\bin;C:\xampp\mysql\bin;C:\xampp\mysql\;C:\Users\crist\AppData\Local\Programs\Microsoft VS Code\bin;C:\Users\crist\.dotnet\tools;C:\Program Files\JetBrains\PhpStorm 2019.2.1\bin;;C:\Program Files\JetBrains\PyCharm 2019.2.1\bin;;C:\Users\crist\AppData\Local\Microsoft\WindowsApps;C:\Users\crist\AppData\Roaming\npm;C:\groovy\groovy-3.0.3\bin;C:\gradle\gradle-6.3\bin;C:\spring\spring-2.2.6\bin;C:\Program Files\Java\jdk1.8.0_251\bin;C:\tools\dart-sdk\bin;C:\Users\crist\AppData\Roaming\Pub\Cache\bin;
USERNAME=crist
OS=Windows_NT
PROCESSOR_IDENTIFIER=Intel64 Family 6 Model 60 Stepping 3, GenuineIntel



---------------  S Y S T E M  ---------------

OS: Windows 10.0 , 64 bit Build 18362 (10.0.18362.900)

CPU:total 4 (initial active 4) (2 cores per cpu, 2 threads per core) family 6 model 60 stepping 3, cmov, cx8, fxsr, mmx, sse, sse2, sse3, ssse3, sse4.1, sse4.2, popcnt, avx, avx2, aes, clmul, erms, lzcnt, ht, tsc, tscinvbit, bmi1, bmi2

Memory: 4k page, physical 8333080k(527348k free), swap 16525080k(2544k free)

vm_info: Java HotSpot(TM) 64-Bit Server VM (25.251-b08) for windows-amd64 JRE (1.8.0_251-b08), built on Mar 12 2020 06:31:49 by "" with MS VC++ 10.0 (VS2010)

time: Thu Jul 09 19:44:16 2020
timezone: Hora est. Pacífico, Sudamérica
elapsed time: 12 seconds (0d 0h 0m 12s)

